<?xml version="1.0" encoding="UTF-8"?>
<testng-results ignored="0" total="1" passed="1" failed="0" skipped="0">
  <reporter-output>
  </reporter-output>
  <suite started-at="2025-11-10T08:19:49 IST" name="PHPTravels Suite" finished-at="2025-11-10T08:20:08 IST" duration-ms="19066">
    <groups>
    </groups>
    <test started-at="2025-11-10T08:19:49 IST" name="Flight Test" finished-at="2025-11-10T08:20:08 IST" duration-ms="19066">
      <class name="phptravels.tests.FlightSearchTest">
        <test-method is-config="true" signature="setup()[pri:0, instance:phptravels.tests.FlightSearchTest@292b08d6]" started-at="2025-11-10T08:19:49 IST" name="setup" finished-at="2025-11-10T08:19:51 IST" duration-ms="1902" status="PASS">
          <reporter-output>
          </reporter-output>
        </test-method> <!-- setup -->
        <test-method signature="testFlightSearch()[pri:0, instance:phptravels.tests.FlightSearchTest@292b08d6]" started-at="2025-11-10T08:19:51 IST" name="testFlightSearch" finished-at="2025-11-10T08:20:07 IST" duration-ms="16830" status="PASS">
          <reporter-output>
          </reporter-output>
        </test-method> <!-- testFlightSearch -->
        <test-method is-config="true" signature="tearDown()[pri:0, instance:phptravels.tests.FlightSearchTest@292b08d6]" started-at="2025-11-10T08:20:07 IST" name="tearDown" finished-at="2025-11-10T08:20:08 IST" duration-ms="265" status="PASS">
          <reporter-output>
          </reporter-output>
        </test-method> <!-- tearDown -->
      </class> <!-- phptravels.tests.FlightSearchTest -->
    </test> <!-- Flight Test -->
  </suite> <!-- PHPTravels Suite -->
</testng-results>
